This is pdfTeX, Version 3.1415926-1.40.10 (MiKTeX 2.8) (preloaded format=latex 2014.2.18)  26 JAN 2016 21:21
entering extended mode
**exploring.tex
(C:\Users\apple\Desktop\paperV7\exploring.tex
LaTeX2e <2009/09/24>
Babel <v3.8l> and hyphenation patterns for english, dumylang, nohyphenation, ge
rman, ngerman, german-x-2009-06-19, ngerman-x-2009-06-19, french, loaded.
IJCAI-16 Instructions for Authors
(C:\CTEX\MiKTeX\tex\latex\base\article.cls
Document Class: article 2007/10/19 v1.4h Standard LaTeX document class
(C:\CTEX\MiKTeX\tex\latex\base\size10.clo
File: size10.clo 2007/10/19 v1.4h Standard LaTeX file (size option)
)
\c@part=\count79
\c@section=\count80
\c@subsection=\count81
\c@subsubsection=\count82
\c@paragraph=\count83
\c@subparagraph=\count84
\c@figure=\count85
\c@table=\count86
\abovecaptionskip=\skip41
\belowcaptionskip=\skip42
\bibindent=\dimen102
)
(C:\Users\apple\Desktop\paperV7\ijcai16.sty
Conference Style, version of 6 September 1995 (revised Nov 2010)
\titlebox=\skip43
Named Citation Style, version of 30 November 1994
) (C:\CTEX\MiKTeX\tex\latex\graphics\graphicx.sty
Package: graphicx 1999/02/16 v1.0f Enhanced LaTeX Graphics (DPC,SPQR)

(C:\CTEX\MiKTeX\tex\latex\graphics\keyval.sty
Package: keyval 1999/03/16 v1.13 key=value parser (DPC)
\KV@toks@=\toks14
)
(C:\CTEX\MiKTeX\tex\latex\graphics\graphics.sty
Package: graphics 2009/02/05 v1.0o Standard LaTeX Graphics (DPC,SPQR)

(C:\CTEX\MiKTeX\tex\latex\graphics\trig.sty
Package: trig 1999/03/16 v1.09 sin cos tan (DPC)
)
(C:\CTEX\MiKTeX\tex\latex\00miktex\graphics.cfg
File: graphics.cfg 2007/01/18 v1.5 graphics configuration of teTeX/TeXLive
)
Package graphics Info: Driver file: dvips.def on input line 91.

(C:\CTEX\MiKTeX\tex\latex\graphics\dvips.def
File: dvips.def 1999/02/16 v3.0i Driver-dependant file (DPC,SPQR)
))
\Gin@req@height=\dimen103
\Gin@req@width=\dimen104
)
(C:\CTEX\MiKTeX\tex\latex\ams\math\amsmath.sty
Package: amsmath 2000/07/18 v2.13 AMS math features
\@mathmargin=\skip44

For additional information on amsmath, use the `?' option.
(C:\CTEX\MiKTeX\tex\latex\ams\math\amstext.sty
Package: amstext 2000/06/29 v2.01

(C:\CTEX\MiKTeX\tex\latex\ams\math\amsgen.sty
File: amsgen.sty 1999/11/30 v2.0
\@emptytoks=\toks15
\ex@=\dimen105
))
(C:\CTEX\MiKTeX\tex\latex\ams\math\amsbsy.sty
Package: amsbsy 1999/11/29 v1.2d
\pmbraise@=\dimen106
)
(C:\CTEX\MiKTeX\tex\latex\ams\math\amsopn.sty
Package: amsopn 1999/12/14 v2.01 operator names
)
\inf@bad=\count87
LaTeX Info: Redefining \frac on input line 211.
\uproot@=\count88
\leftroot@=\count89
LaTeX Info: Redefining \overline on input line 307.
\classnum@=\count90
\DOTSCASE@=\count91
LaTeX Info: Redefining \ldots on input line 379.
LaTeX Info: Redefining \dots on input line 382.
LaTeX Info: Redefining \cdots on input line 467.
\Mathstrutbox@=\box26
\strutbox@=\box27
\big@size=\dimen107
LaTeX Font Info:    Redeclaring font encoding OML on input line 567.
LaTeX Font Info:    Redeclaring font encoding OMS on input line 568.
\macc@depth=\count92
\c@MaxMatrixCols=\count93
\dotsspace@=\muskip10
\c@parentequation=\count94
\dspbrk@lvl=\count95
\tag@help=\toks16
\row@=\count96
\column@=\count97
\maxfields@=\count98
\andhelp@=\toks17
\eqnshift@=\dimen108
\alignsep@=\dimen109
\tagshift@=\dimen110
\tagwidth@=\dimen111
\totwidth@=\dimen112
\lineht@=\dimen113
\@envbody=\toks18
\multlinegap=\skip45
\multlinetaggap=\skip46
\mathdisplay@stack=\toks19
LaTeX Info: Redefining \[ on input line 2666.
LaTeX Info: Redefining \] on input line 2667.
)
(C:\CTEX\MiKTeX\tex\latex\amsfonts\amsfonts.sty
Package: amsfonts 2009/06/22 v3.00 Basic AMSFonts support
\symAMSa=\mathgroup4
\symAMSb=\mathgroup5
LaTeX Font Info:    Overwriting math alphabet `\mathfrak' in version `bold'
(Font)                  U/euf/m/n --> U/euf/b/n on input line 96.
)
(C:\CTEX\MiKTeX\tex\latex\graphics\color.sty
Package: color 2005/11/14 v1.0j Standard LaTeX Color (DPC)

(C:\CTEX\MiKTeX\tex\latex\00miktex\color.cfg
File: color.cfg 2007/01/18 v1.5 color configuration of teTeX/TeXLive
)
Package color Info: Driver file: dvips.def on input line 130.

(C:\CTEX\MiKTeX\tex\latex\graphics\dvipsnam.def
File: dvipsnam.def 1999/02/16 v3.0i Driver-dependant file (DPC,SPQR)
))
(C:\CTEX\MiKTeX\tex\latex\psnfss\times.sty
Package: times 2005/04/12 PSNFSS-v9.2a (SPQR) 
)
(C:\Users\apple\Desktop\paperV7\exploring.aux)
LaTeX Font Info:    Checking defaults for OML/cmm/m/it on input line 46.
LaTeX Font Info:    ... okay on input line 46.
LaTeX Font Info:    Checking defaults for T1/cmr/m/n on input line 46.
LaTeX Font Info:    ... okay on input line 46.
LaTeX Font Info:    Checking defaults for OT1/cmr/m/n on input line 46.
LaTeX Font Info:    ... okay on input line 46.
LaTeX Font Info:    Checking defaults for OMS/cmsy/m/n on input line 46.
LaTeX Font Info:    ... okay on input line 46.
LaTeX Font Info:    Checking defaults for OMX/cmex/m/n on input line 46.
LaTeX Font Info:    ... okay on input line 46.
LaTeX Font Info:    Checking defaults for U/cmr/m/n on input line 46.
LaTeX Font Info:    ... okay on input line 46.
LaTeX Font Info:    Try loading font information for OT1+ptm on input line 46.

(C:\CTEX\MiKTeX\tex\latex\psnfss\ot1ptm.fd
File: ot1ptm.fd 2001/06/04 font definitions for OT1/ptm.
)
LaTeX Font Info:    Font shape `OT1/ptm/bx/n' in size <14.4> not available
(Font)              Font shape `OT1/ptm/b/n' tried instead on input line 48.
LaTeX Font Info:    Try loading font information for U+msa on input line 48.

(C:\CTEX\MiKTeX\tex\latex\amsfonts\umsa.fd
File: umsa.fd 2009/06/22 v3.00 AMS symbols A
)
LaTeX Font Info:    Try loading font information for U+msb on input line 48.

(C:\CTEX\MiKTeX\tex\latex\amsfonts\umsb.fd
File: umsb.fd 2009/06/22 v3.00 AMS symbols B
)
LaTeX Font Info:    Font shape `OT1/ptm/bx/n' in size <12> not available
(Font)              Font shape `OT1/ptm/b/n' tried instead on input line 48.


LaTeX Warning: No \author given.

\c@lemma=\count99
\c@theorem=\count100
\c@problem=\count101
\c@property=\count102
\c@definition=\count103
\c@invariant=\count104
\c@example=\count105
\c@remark=\count106
\c@corollary=\count107
LaTeX Font Info:    Try loading font information for OT1+pcr on input line 60.
(C:\CTEX\MiKTeX\tex\latex\psnfss\ot1pcr.fd
File: ot1pcr.fd 2001/06/04 font definitions for OT1/pcr.
) [1



]
LaTeX Font Info:    Font shape `OT1/ptm/bx/n' in size <10> not available
(Font)              Font shape `OT1/ptm/b/n' tried instead on input line 83.
LaTeX Font Info:    Font shape `OT1/pcr/bx/n' in size <10> not available
(Font)              Font shape `OT1/pcr/b/n' tried instead on input line 99.
LaTeX Font Info:    Font shape `OT1/ptm/bx/n' in size <7> not available
(Font)              Font shape `OT1/ptm/b/n' tried instead on input line 99.
LaTeX Font Info:    Font shape `OT1/ptm/bx/n' in size <5> not available
(Font)              Font shape `OT1/ptm/b/n' tried instead on input line 99.
LaTeX Font Info:    Font shape `OT1/ptm/bx/it' in size <10> not available
(Font)              Font shape `OT1/ptm/b/it' tried instead on input line 112.
LaTeX Font Info:    Font shape `OT1/pcr/m/it' in size <10> not available
(Font)              Font shape `OT1/pcr/m/sl' tried instead on input line 113.

Underfull \hbox (badness 6157) in paragraph at lines 123--129
[]\OT1/ptm/b/it/10 (Materialization Graph)[] \OT1/ptm/m/it/10 A ma-te-ri-al-iza
-tion
 []

[2]
Underfull \hbox (badness 10000) in paragraph at lines 131--139

 []

File: mg.eps Graphic file (type eps)
<mg.eps>
Underfull \hbox (badness 10000) in paragraph at lines 155--156

 []


Underfull \hbox (badness 10000) in paragraph at lines 169--171

 []

[3]
LaTeX Font Info:    Font shape `OT1/pcr/bx/n' in size <12> not available
(Font)              Font shape `OT1/pcr/b/n' tried instead on input line 199.

Underfull \hbox (badness 2205) in paragraph at lines 204--207
[]\OT1/ptm/m/n/10 We find that, in the case of Ex-am-ple 1, the con-
 []


Underfull \hbox (badness 1360) in paragraph at lines 204--207
\OT1/ptm/m/n/10 struc-tion of a ma-te-ri-al-iza-tion graph can be ac-cel-er-ate
d.
 []


LaTeX Font Warning: Command \tiny invalid in math mode on input line 213.

LaTeX Font Info:    Try loading font information for OMS+ptm on input line 215.

(C:\CTEX\MiKTeX\tex\latex\psnfss\omsptm.fd
File: omsptm.fd 
)

LaTeX Font Warning: Font shape `OMS/ptm/bx/n' undefined
(Font)              using `OMS/ptm/m/n' instead
(Font)              for symbol `textdagger' on input line 215.

LaTeX Font Info:    Font shape `OMS/ptm/m/n' in size <10> not available
(Font)              Font shape `OMS/cmsy/m/n' tried instead on input line 215.

LaTeX Font Warning: Command \tiny invalid in math mode on input line 217.


LaTeX Font Warning: Command \tiny invalid in math mode on input line 219.


LaTeX Font Warning: Command \tiny invalid in math mode on input line 221.


Underfull \hbox (badness 1152) in paragraph at lines 221--222
[]\OT1/ptm/m/n/10 We then com-pute the tran-si-tive clo-sure of \OT1/pcr/m/n/10
 rch \OT1/ptm/m/n/10 with
 []


Underfull \hbox (badness 10000) in paragraph at lines 221--222

 []


LaTeX Font Warning: Command \tiny invalid in math mode on input line 225.


LaTeX Font Warning: Command \tiny invalid in math mode on input line 227.


LaTeX Font Warning: Command \tiny invalid in math mode on input line 227.


LaTeX Font Warning: Command \tiny invalid in math mode on input line 229.


LaTeX Font Warning: Command \tiny invalid in math mode on input line 230.


LaTeX Font Warning: Command \tiny invalid in math mode on input line 230.


Underfull \hbox (badness 6725) in paragraph at lines 229--231
[]\OT1/ptm/m/n/10 (\OT1/ptm/b/n/10 iii\OT1/ptm/m/n/10 ) Fi-nally, $\OMS/cmsy/m/
n/10 G$ \OT1/ptm/m/n/10 is up-dated as fol-lows: for any
 []


Underfull \hbox (badness 7186) in paragraph at lines 229--231
\OT1/pcr/m/n/10 rch$\OT1/cmr/m/n/10 (\OML/cmm/m/it/10 B[]; H\OT1/cmr/m/n/10 ) \
OMS/cmsy/m/n/10 2 \OML/cmm/m/it/10 S[]$ \OT1/ptm/m/n/10 that cor-re-sponds to $
\OML/cmm/m/it/10 H \OMS/cmsy/m/n/10  $
 []


Underfull \hbox (badness 10000) in paragraph at lines 229--231

 []


Underfull \hbox (badness 10000) in paragraph at lines 232--234

 []


LaTeX Font Warning: Command \tiny invalid in math mode on input line 240.


LaTeX Font Warning: Command \tiny invalid in math mode on input line 240.


Underfull \hbox (badness 10000) in paragraph at lines 242--243

 []


LaTeX Font Warning: Command \tiny invalid in math mode on input line 251.


LaTeX Font Warning: Command \tiny invalid in math mode on input line 251.


LaTeX Font Warning: Command \tiny invalid in math mode on input line 252.


Underfull \hbox (badness 3826) in paragraph at lines 251--253
$\OML/cmm/m/it/10 i \OMS/cmsy/m/n/10  \OML/cmm/m/it/10 k\OMS/cmsy/m/n/10 g [ f
$\OT1/pcr/m/sl/10 rch$\OT1/cmr/m/n/10 (\OML/cmm/m/it/10 R\OT1/cmr/m/n/10 (\OML/
cmm/m/it/10 a; b[]\OT1/cmr/m/n/10 )\OML/cmm/m/it/10 ; A\OT1/cmr/m/n/10 (\OML/cm
m/m/it/10 b[]\OT1/cmr/m/n/10 ))\OMS/cmsy/m/n/10 j\OT1/cmr/m/n/10 1 \OMS/cmsy/m/
n/10  \OML/cmm/m/it/10 i \OMS/cmsy/m/n/10  \OML/cmm/m/it/10 k\OMS/cmsy/m/n/10
 g$\OT1/ptm/m/it/10 .
 []


Underfull \hbox (badness 2088) in paragraph at lines 251--253
\OT1/ptm/m/it/10 In the tran-si-tive clo-sure of $\OML/cmm/m/it/10 S[]$\OT1/ptm
/m/it/10 , one can check that
 []

[4]

LaTeX Font Warning: Command \tiny invalid in math mode on input line 256.


LaTeX Font Warning: Command \small invalid in math mode on input line 300.

LaTeX Font Info:    Font shape `OT1/pcr/m/it' in size <9> not available
(Font)              Font shape `OT1/pcr/m/sl' tried instead on input line 300.

LaTeX Font Warning: Command \small invalid in math mode on input line 301.


LaTeX Font Warning: Command \small invalid in math mode on input line 303.


LaTeX Font Warning: Command \small invalid in math mode on input line 304.


LaTeX Font Warning: Command \small invalid in math mode on input line 304.


LaTeX Font Warning: Command \small invalid in math mode on input line 305.


Underfull \hbox (badness 2922) in paragraph at lines 303--306
[]\OT1/ptm/m/it/10 (2) the state-ments of sub-classes of $[]$,
 []


Underfull \hbox (badness 10000) in paragraph at lines 303--306
$[]$\OT1/ptm/m/it/10 , $[]$
 []


LaTeX Font Warning: Command \small invalid in math mode on input line 307.


LaTeX Font Warning: Command \small invalid in math mode on input line 308.


LaTeX Font Warning: Command \small invalid in math mode on input line 308.


LaTeX Font Warning: Command \small invalid in math mode on input line 308.


LaTeX Font Warning: Command \small invalid in math mode on input line 308.


LaTeX Font Warning: Command \small invalid in math mode on input line 309.


Underfull \hbox (badness 1968) in paragraph at lines 307--310
\OT1/ptm/m/it/10 a sub-class of some class (the same for $[]$,
 []


Underfull \hbox (badness 1755) in paragraph at lines 307--310
\OT1/ptm/m/it/10 and $[]$); it is not al-lowed to state that
 []

[5] (C:\Users\apple\Desktop\paperV7\exploring.bbl [6]
Underfull \hbox (badness 1466) in paragraph at lines 28--32
[]\OT1/ptm/m/n/10 Benjamin N. Grosof, Ian Hor-rocks,
 []


Underfull \hbox (badness 1062) in paragraph at lines 83--86
[]\OT1/ptm/m/n/10 Farzaneh Mahdis-oltani, Joanna
 []


Underfull \hbox (badness 2142) in paragraph at lines 103--107
[]\OT1/ptm/m/n/10 Eyal Oren, Spy-ros Ko-toulas, George
 []


Underfull \hbox (badness 10000) in paragraph at lines 109--112
[]\OT1/ptm/m/n/10 Walter L. Ruzzo Ray-
 []


Underfull \hbox (badness 10000) in paragraph at lines 115--118
[]\OT1/ptm/m/n/10 Anne Schlicht and
 []


Underfull \hbox (badness 2828) in paragraph at lines 121--125
[]\OT1/ptm/m/n/10 Ramakrishna Soma and Vik-
 []


Underfull \hbox (badness 10000) in paragraph at lines 134--139
[]\OT1/ptm/m/n/10 Seema Sun-dara, Medha Atre,
 []


Underfull \hbox (badness 1622) in paragraph at lines 134--139
\OT1/ptm/m/n/10 large-scale RDF data us-ing sub-sets, sum-maries, and
 []


Underfull \hbox (badness 2261) in paragraph at lines 173--177
[]\OT1/ptm/m/n/10 Jesse Weaver and James A.
 []

) [7] (C:\Users\apple\Desktop\paperV7\exploring.aux)

LaTeX Font Warning: Some font shapes were not available, defaults substituted.

 ) 
Here is how much of TeX's memory you used:
 1678 strings out of 495286
 20729 string characters out of 3181610
 78323 words of memory out of 3000000
 4864 multiletter control sequences out of 15000+200000
 23694 words of font info for 76 fonts, out of 3000000 for 9000
 14 hyphenation exceptions out of 8191
 27i,11n,22p,1558b,280s stack positions out of 5000i,500n,10000p,200000b,50000s

Output written on exploring.dvi (7 pages, 65880 bytes).
